<?xml version="1.0" encoding="UTF-8"?>
<!-- Generated by org.testng.reporters.JUnitXMLReporter -->
<testsuite ignored="2" hostname="DESKTOP-2L7QON7" failures="0" tests="1" name="Default test" time="11.937" errors="0" timestamp="2023-06-26T23:08:30 IST">
  <testcase classname="com.testng.demo.SpeakLangTests" name="verifyLogin" time="6.005"/>
  <testcase classname="com.testng.demo.SpeakLangTests" name="verifySignup" time="0.0">
    <ignored/>
  </testcase> <!-- verifySignup -->
  <testcase classname="com.testng.demo.SpeakLangTests" name="verifyLandingPage" time="0.0">
    <ignored/>
  </testcase> <!-- verifyLandingPage -->
</testsuite> <!-- Default test -->
