<?xml version="1.0" encoding="UTF-8"?>
<!-- Generated by org.testng.reporters.JUnitXMLReporter -->
<testsuite ignored="0" hostname="DESKTOP-2L7QON7" failures="0" tests="3" name="Default test" time="76.257" errors="0" timestamp="2023-06-23T22:47:44 IST">
  <testcase classname="com.app.pages.SignUpPage" name="verifySignup" time="26.564"/>
  <testcase classname="com.app.pages.SignUpPage" name="verifySignup" time="25.639"/>
  <testcase classname="com.app.pages.SignUpPage" name="verifySignup" time="24.007"/>
</testsuite> <!-- Default test -->
