<?xml version="1.0" encoding="UTF-8"?>
<!-- Generated by org.testng.reporters.JUnitXMLReporter -->
<testsuite ignored="1" hostname="DESKTOP-2L7QON7" failures="0" tests="2" name="DemoTest" time="10.805" errors="0" timestamp="2023-06-19T22:40:00 IST">
  <testcase classname="com.testng.demo.TestNgDemo1" name="verifyAppInChrome" time="5.836"/>
  <testcase classname="com.testng.demo.TestNgDemo2" name="verifyAppLoginPage" time="4.935"/>
  <testcase classname="com.testng.demo.TestNgDemo1" name="verifyAppInEdge" time="0.0">
    <ignored/>
  </testcase> <!-- verifyAppInEdge -->
</testsuite> <!-- DemoTest -->
