<?xml version="1.0" encoding="UTF-8"?>
<!-- Generated by org.testng.reporters.JUnitXMLReporter -->
<testsuite ignored="0" hostname="DESKTOP-2L7QON7" failures="0" tests="5" name="DemoTest" time="101.556" errors="0" timestamp="2023-06-26T23:03:54 IST">
  <testcase classname="com.testng.demo.SpeakLangTests" name="verifyLandingPage" time="0.395"/>
  <testcase classname="com.testng.demo.SpeakLangTests" name="verifyLogin" time="6.06"/>
  <testcase classname="com.testng.demo.SpeakLangTests" name="verifySignup" time="18.575"/>
  <testcase classname="com.testng.demo.SpeakLangTests" name="verifySignup" time="33.275"/>
  <testcase classname="com.testng.demo.SpeakLangTests" name="verifySignup" time="18.352"/>
</testsuite> <!-- DemoTest -->
