<?xml version="1.0" encoding="UTF-8"?>
<testng-results ignored="0" total="2" passed="2" failed="0" skipped="0">
  <reporter-output>
  </reporter-output>
  <suite started-at="2023-06-20T22:48:45 IST" name="DemoSuite" finished-at="2023-06-20T22:48:45 IST" duration-ms="63">
    <groups>
    </groups>
    <test started-at="2023-06-20T22:48:45 IST" name="DemoTest" finished-at="2023-06-20T22:48:45 IST" duration-ms="63">
      <class name="com.testng.demo.TestNGDemoWithAnnotations">
        <test-method is-config="true" signature="beforeSuite()[pri:0, instance:com.testng.demo.TestNGDemoWithAnnotations@32502377]" started-at="2023-06-20T22:48:45 IST" name="beforeSuite" finished-at="2023-06-20T22:48:45 IST" duration-ms="11" status="PASS">
          <reporter-output>
          </reporter-output>
        </test-method> <!-- beforeSuite -->
        <test-method is-config="true" signature="beforeTest()[pri:0, instance:com.testng.demo.TestNGDemoWithAnnotations@32502377]" started-at="2023-06-20T22:48:45 IST" name="beforeTest" finished-at="2023-06-20T22:48:45 IST" duration-ms="1" status="PASS">
          <reporter-output>
          </reporter-output>
        </test-method> <!-- beforeTest -->
        <test-method is-config="true" signature="beforeClass()[pri:0, instance:com.testng.demo.TestNGDemoWithAnnotations@32502377]" started-at="2023-06-20T22:48:45 IST" name="beforeClass" finished-at="2023-06-20T22:48:45 IST" duration-ms="1" status="PASS">
          <reporter-output>
          </reporter-output>
        </test-method> <!-- beforeClass -->
        <test-method is-config="true" signature="beforeMethod()[pri:0, instance:com.testng.demo.TestNGDemoWithAnnotations@32502377]" started-at="2023-06-20T22:48:45 IST" name="beforeMethod" finished-at="2023-06-20T22:48:45 IST" duration-ms="0" status="PASS">
          <reporter-output>
          </reporter-output>
        </test-method> <!-- beforeMethod -->
        <test-method signature="samplTestCase1()[pri:0, instance:com.testng.demo.TestNGDemoWithAnnotations@32502377]" started-at="2023-06-20T22:48:45 IST" name="samplTestCase1" finished-at="2023-06-20T22:48:45 IST" duration-ms="5" status="PASS">
          <reporter-output>
          </reporter-output>
        </test-method> <!-- samplTestCase1 -->
        <test-method is-config="true" signature="afterMethod()[pri:0, instance:com.testng.demo.TestNGDemoWithAnnotations@32502377]" started-at="2023-06-20T22:48:45 IST" name="afterMethod" finished-at="2023-06-20T22:48:45 IST" duration-ms="1" status="PASS">
          <reporter-output>
          </reporter-output>
        </test-method> <!-- afterMethod -->
        <test-method is-config="true" signature="beforeMethod()[pri:0, instance:com.testng.demo.TestNGDemoWithAnnotations@32502377]" started-at="2023-06-20T22:48:45 IST" name="beforeMethod" finished-at="2023-06-20T22:48:45 IST" duration-ms="1" status="PASS">
          <reporter-output>
          </reporter-output>
        </test-method> <!-- beforeMethod -->
        <test-method signature="samplTestCase2()[pri:0, instance:com.testng.demo.TestNGDemoWithAnnotations@32502377]" started-at="2023-06-20T22:48:45 IST" name="samplTestCase2" finished-at="2023-06-20T22:48:45 IST" duration-ms="3" status="PASS">
          <reporter-output>
          </reporter-output>
        </test-method> <!-- samplTestCase2 -->
        <test-method is-config="true" signature="afterMethod()[pri:0, instance:com.testng.demo.TestNGDemoWithAnnotations@32502377]" started-at="2023-06-20T22:48:45 IST" name="afterMethod" finished-at="2023-06-20T22:48:45 IST" duration-ms="1" status="PASS">
          <reporter-output>
          </reporter-output>
        </test-method> <!-- afterMethod -->
        <test-method is-config="true" signature="afterClass()[pri:0, instance:com.testng.demo.TestNGDemoWithAnnotations@32502377]" started-at="2023-06-20T22:48:45 IST" name="afterClass" finished-at="2023-06-20T22:48:45 IST" duration-ms="0" status="PASS">
          <reporter-output>
          </reporter-output>
        </test-method> <!-- afterClass -->
        <test-method is-config="true" signature="afterTest()[pri:0, instance:com.testng.demo.TestNGDemoWithAnnotations@32502377]" started-at="2023-06-20T22:48:45 IST" name="afterTest" finished-at="2023-06-20T22:48:45 IST" duration-ms="0" status="PASS">
          <reporter-output>
          </reporter-output>
        </test-method> <!-- afterTest -->
        <test-method is-config="true" signature="afterSuite()[pri:0, instance:com.testng.demo.TestNGDemoWithAnnotations@32502377]" started-at="2023-06-20T22:48:46 IST" name="afterSuite" finished-at="2023-06-20T22:48:46 IST" duration-ms="0" status="PASS">
          <reporter-output>
          </reporter-output>
        </test-method> <!-- afterSuite -->
      </class> <!-- com.testng.demo.TestNGDemoWithAnnotations -->
    </test> <!-- DemoTest -->
  </suite> <!-- DemoSuite -->
</testng-results>
