<?xml version="1.0" encoding="UTF-8"?>
<testng-results ignored="2" total="3" passed="1" failed="0" skipped="0">
  <reporter-output>
  </reporter-output>
  <suite started-at="2023-06-26T23:08:18 IST" name="Default suite" finished-at="2023-06-26T23:08:30 IST" duration-ms="11937">
    <groups>
    </groups>
    <test started-at="2023-06-26T23:08:18 IST" name="Default test" finished-at="2023-06-26T23:08:30 IST" duration-ms="11937">
      <class name="com.testng.demo.SpeakLangTests">
        <test-method is-config="true" signature="beforeMethod()[pri:0, instance:com.testng.demo.SpeakLangTests@6283d8b8]" started-at="2023-06-26T23:08:18 IST" name="beforeMethod" finished-at="2023-06-26T23:08:23 IST" duration-ms="4947" status="PASS">
          <reporter-output>
          </reporter-output>
        </test-method> <!-- beforeMethod -->
        <test-method signature="verifyLogin()[pri:0, instance:com.testng.demo.SpeakLangTests@6283d8b8]" started-at="2023-06-26T23:08:23 IST" name="verifyLogin" finished-at="2023-06-26T23:08:29 IST" duration-ms="6005" status="PASS">
          <reporter-output>
          </reporter-output>
        </test-method> <!-- verifyLogin -->
        <test-method is-config="true" signature="afterMethod()[pri:0, instance:com.testng.demo.SpeakLangTests@6283d8b8]" started-at="2023-06-26T23:08:29 IST" name="afterMethod" finished-at="2023-06-26T23:08:30 IST" duration-ms="950" status="PASS">
          <reporter-output>
          </reporter-output>
        </test-method> <!-- afterMethod -->
      </class> <!-- com.testng.demo.SpeakLangTests -->
    </test> <!-- Default test -->
  </suite> <!-- Default suite -->
</testng-results>
